<?xml version="1.0" encoding="UTF-8"?>
<!-- Generated by org.testng.reporters.JUnitReportReporter -->
<testsuite hostname="EPINCHEW016A" failures="0" tests="2" name="testngcom.TestngInc" time="0.009" errors="0" timestamp="12 Oct 2023 16:28:57 GMT" skipped="0">
  <testcase classname="testngcom.TestngInc" name="testing4" time="0.001"/>
  <testcase classname="testngcom.TestngInc" name="testing3" time="0.008"/>
</testsuite> <!-- testngcom.TestngInc -->
