<?xml version="1.0" encoding="UTF-8"?>
<!-- Generated by org.testng.reporters.JUnitReportReporter -->
<testsuite hostname="EPINCHEW016A" failures="0" tests="1" name="testing.ParalelTC" time="0.010" errors="0" timestamp="2023-10-16T11:01:59 IST" skipped="0">
  <testcase classname="testing.ParalelTC" name="Paralel" time="0.010"/>
  <system-out/>
</testsuite> <!-- testing.ParalelTC -->
